# JRE version: OpenJDK Runtime Environment Temurin-11.0.16+8 (11.0.16+8) (build 11.0.16+8)
# Java VM: OpenJDK 64-Bit Server VM Temurin-11.0.16+8 (11.0.16+8, mixed mode, tiered, compressed oops, g1 gc, windows-amd64)
Heap:
 garbage-first heap   total 262144K, used 62349K [0x0000000701000000, 0x0000000800000000)
  region size 1024K, 50 young (51200K), 6 survivors (6144K)
 Metaspace       used 26356K, capacity 26588K, committed 26800K, reserved 1073152K
  class space    used 2961K, capacity 3038K, committed 3072K, reserved 1048576K
GC Heap History (8 events):
Event: 0.467 GC heap before
{Heap before GC invocations=0 (full 0):
 garbage-first heap   total 262144K, used 24576K [0x0000000701000000, 0x0000000800000000)
  region size 1024K, 24 young (24576K), 0 survivors (0K)
 Metaspace       used 9937K, capacity 10044K, committed 10240K, reserved 1058816K
  class space    used 904K, capacity 960K, committed 1024K, reserved 1048576K
}
Event: 0.471 GC heap after
{Heap after GC invocations=1 (full 0):
 garbage-first heap   total 262144K, used 7116K [0x0000000701000000, 0x0000000800000000)
  region size 1024K, 3 young (3072K), 3 survivors (3072K)
 Metaspace       used 9937K, capacity 10044K, committed 10240K, reserved 1058816K
  class space    used 904K, capacity 960K, committed 1024K, reserved 1048576K
}
Event: 0.707 GC heap before
{Heap before GC invocations=1 (full 0):
 garbage-first heap   total 262144K, used 29644K [0x0000000701000000, 0x0000000800000000)
  region size 1024K, 25 young (25600K), 3 survivors (3072K)
 Metaspace       used 12658K, capacity 12801K, committed 13056K, reserved 1060864K
  class space    used 1206K, capacity 1259K, committed 1280K, reserved 1048576K
}
Event: 0.711 GC heap after
{Heap after GC invocations=2 (full 0):
 garbage-first heap   total 262144K, used 10480K [0x0000000701000000, 0x0000000800000000)
  region size 1024K, 4 young (4096K), 4 survivors (4096K)
 Metaspace       used 12658K, capacity 12801K, committed 13056K, reserved 1060864K
  class space    used 1206K, capacity 1259K, committed 1280K, reserved 1048576K
}
Event: 1.374 GC heap before
{Heap before GC invocations=2 (full 0):
 garbage-first heap   total 262144K, used 70896K [0x0000000701000000, 0x0000000800000000)
  region size 1024K, 58 young (59392K), 4 survivors (4096K)
 Metaspace       used 20465K, capacity 20679K, committed 20864K, reserved 1067008K
  class space    used 2269K, capacity 2338K, committed 2432K, reserved 1048576K
}
Event: 1.380 GC heap after
{Heap after GC invocations=3 (full 0):
 garbage-first heap   total 262144K, used 17345K [0x0000000701000000, 0x0000000800000000)
  region size 1024K, 8 young (8192K), 8 survivors (8192K)
 Metaspace       used 20465K, capacity 20679K, committed 20864K, reserved 1067008K
  class space    used 2269K, capacity 2338K, committed 2432K, reserved 1048576K
}
Event: 1.427 GC heap before
{Heap before GC invocations=3 (full 0):
 garbage-first heap   total 262144K, used 19393K [0x0000000701000000, 0x0000000800000000)
  region size 1024K, 11 young (11264K), 8 survivors (8192K)
 Metaspace       used 20923K, capacity 21127K, committed 21296K, reserved 1069056K
  class space    used 2345K, capacity 2402K, committed 2432K, reserved 1048576K
}
Event: 1.432 GC heap after
{Heap after GC invocations=4 (full 0):
 garbage-first heap   total 262144K, used 18317K [0x0000000701000000, 0x0000000800000000)
  region size 1024K, 6 young (6144K), 6 survivors (6144K)
 Metaspace       used 20923K, capacity 21127K, committed 21296K, reserved 1069056K
  class space    used 2345K, capacity 2402K, committed 2432K, reserved 1048576K
}

